0 info it worked if it ends with ok
1 verbose cli [ 'node',
1 verbose cli   '/usr/local/lib/node_modules/cnpm/node_modules/.bin/npm',
1 verbose cli   '--userconfig=/Users/yuxiao/.cnpmrc',
1 verbose cli   '--disturl=https://npm.taobao.org/mirrors/node',
1 verbose cli   '--cache=/Users/yuxiao/.cnpm',
1 verbose cli   '--registry=https://registry.npm.taobao.org',
1 verbose cli   '--node-gyp=/usr/local/lib/node_modules/cnpm/node_modules/node-gyp/bin/node-gyp.js',
1 verbose cli   'start' ]
2 info using npm@2.14.9
3 info using node@v0.12.1
4 verbose run-script [ 'prestart', 'start', 'poststart' ]
5 info prestart simpleEjs@0.0.0
6 info start simpleEjs@0.0.0
7 verbose unsafe-perm in lifecycle true
8 info simpleEjs@0.0.0 Failed to exec start script
9 verbose stack Error: simpleEjs@0.0.0 start: `node ./bin/www`
9 verbose stack Exit status 1
9 verbose stack     at EventEmitter.<anonymous> (/usr/local/lib/node_modules/cnpm/node_modules/npm/lib/utils/lifecycle.js:214:16)
9 verbose stack     at EventEmitter.emit (events.js:110:17)
9 verbose stack     at ChildProcess.<anonymous> (/usr/local/lib/node_modules/cnpm/node_modules/npm/lib/utils/spawn.js:24:14)
9 verbose stack     at ChildProcess.emit (events.js:110:17)
9 verbose stack     at maybeClose (child_process.js:1008:16)
9 verbose stack     at Process.ChildProcess._handle.onexit (child_process.js:1080:5)
10 verbose pkgid simpleEjs@0.0.0
11 verbose cwd /Users/yuxiao/workspace/personalWork/simpleEjs
12 error Darwin 14.1.0
13 error argv "node" "/usr/local/lib/node_modules/cnpm/node_modules/.bin/npm" "--userconfig=/Users/yuxiao/.cnpmrc" "--disturl=https://npm.taobao.org/mirrors/node" "--cache=/Users/yuxiao/.cnpm" "--registry=https://registry.npm.taobao.org" "--node-gyp=/usr/local/lib/node_modules/cnpm/node_modules/node-gyp/bin/node-gyp.js" "start"
14 error node v0.12.1
15 error npm  v2.14.9
16 error code ELIFECYCLE
17 error simpleEjs@0.0.0 start: `node ./bin/www`
17 error Exit status 1
18 error Failed at the simpleEjs@0.0.0 start script 'node ./bin/www'.
18 error This is most likely a problem with the simpleEjs package,
18 error not with npm itself.
18 error Tell the author that this fails on your system:
18 error     node ./bin/www
18 error You can get their info via:
18 error     npm owner ls simpleEjs
18 error There is likely additional logging output above.
19 verbose exit [ 1, true ]
